objc[24559]: Class AXEmojiUtilities is implemented in both /Applications/Xcode.app/Contents/Developer/Platforms/iPhoneSimulator.platform/Developer/SDKs/iPhoneSimulator7.1.sdk/System/Library/PrivateFrameworks/AccessibilityUtilities.framework/AccessibilityUtilities and /Applications/Xcode.app/Contents/Developer/Platforms/iPhoneSimulator.platform/Developer/SDKs/iPhoneSimulator7.1.sdk/usr/lib/libAXSpeechManager.dylib. One of the two will be used. Which one is undefined.
2014-05-05 08:52:56.570 Acard[24559:70b] Cannot find executable for CFBundle 0xa3543a0 </Applications/Xcode.app/Contents/Developer/Platforms/iPhoneSimulator.platform/Developer/SDKs/iPhoneSimulator7.1.sdk/System/Library/AccessibilityBundles/GeoServices.axbundle> (not loaded)
2014-05-05 08:52:56.602 Acard[24559:70b] Cannot find executable for CFBundle 0xa289b90 </Applications/Xcode.app/Contents/Developer/Platforms/iPhoneSimulator.platform/Developer/SDKs/iPhoneSimulator7.1.sdk/System/Library/AccessibilityBundles/CertUIFramework.axbundle> (not loaded)
2014-05-05 08:52:56.870 Acard[24559:70b] Multi-tasking -> Device: YES, App: YES
2014-05-05 08:52:56.905 Acard[24559:70b] Unlimited access to network resources
2014-05-05 08:52:56.920 Acard[24559:70b] Fix applied for database locations?: YES
2014-05-05 08:52:57.389 Acard[24559:70b] Resetting plugins due to page load.
2014-05-05 08:52:57.672 Acard[24559:70b] Finished load of: file:///Users/SamirInVancity/Library/Application%20Support/iPhone%20Simulator/7.1/Applications/E76739DC-2BFA-41AF-BA50-E1DBC81EFF64/Acard.app/www/index.html
Terminating in response to SpringBoard's termination.
objc[24780]: Class AXEmojiUtilities is implemented in both /Applications/Xcode.app/Contents/Developer/Platforms/iPhoneSimulator.platform/Developer/SDKs/iPhoneSimulator7.1.sdk/System/Library/PrivateFrameworks/AccessibilityUtilities.framework/AccessibilityUtilities and /Applications/Xcode.app/Contents/Developer/Platforms/iPhoneSimulator.platform/Developer/SDKs/iPhoneSimulator7.1.sdk/usr/lib/libAXSpeechManager.dylib. One of the two will be used. Which one is undefined.
2014-05-05 08:55:03.627 Acard[24780:70b] Cannot find executable for CFBundle 0xa58bce0 </Applications/Xcode.app/Contents/Developer/Platforms/iPhoneSimulator.platform/Developer/SDKs/iPhoneSimulator7.1.sdk/System/Library/AccessibilityBundles/CertUIFramework.axbundle> (not loaded)
2014-05-05 08:55:03.639 Acard[24780:70b] Cannot find executable for CFBundle 0xa47f8d0 </Applications/Xcode.app/Contents/Developer/Platforms/iPhoneSimulator.platform/Developer/SDKs/iPhoneSimulator7.1.sdk/System/Library/AccessibilityBundles/GeoServices.axbundle> (not loaded)
2014-05-05 08:55:03.679 Acard[24780:70b] Multi-tasking -> Device: YES, App: YES
2014-05-05 08:55:03.689 Acard[24780:70b] Unlimited access to network resources
2014-05-05 08:55:03.911 Acard[24780:70b] Resetting plugins due to page load.
2014-05-05 08:55:04.143 Acard[24780:70b] Finished load of: file:///Users/SamirInVancity/Library/Application%20Support/iPhone%20Simulator/7.1/Applications/E76739DC-2BFA-41AF-BA50-E1DBC81EFF64/Acard.app/www/index.html
2014-05-05 08:55:36.762 Acard[24780:70b] Resetting plugins due to page load.
2014-05-05 08:55:36.795 Acard[24780:70b] Finished load of: file:///Users/SamirInVancity/Library/Application%20Support/iPhone%20Simulator/7.1/Applications/E76739DC-2BFA-41AF-BA50-E1DBC81EFF64/Acard.app/www/index.html?EMail=Rr&FName=Ee&LName=Tt&Grad_Year=Dd&Faculty_ID=2
objc[25132]: Class AXEmojiUtilities is implemented in both /Applications/Xcode.app/Contents/Developer/Platforms/iPhoneSimulator.platform/Developer/SDKs/iPhoneSimulator7.1.sdk/System/Library/PrivateFrameworks/AccessibilityUtilities.framework/AccessibilityUtilities and /Applications/Xcode.app/Contents/Developer/Platforms/iPhoneSimulator.platform/Developer/SDKs/iPhoneSimulator7.1.sdk/usr/lib/libAXSpeechManager.dylib. One of the two will be used. Which one is undefined.
2014-05-05 08:58:05.946 Acard[25132:70b] Cannot find executable for CFBundle 0xa448c30 </Applications/Xcode.app/Contents/Developer/Platforms/iPhoneSimulator.platform/Developer/SDKs/iPhoneSimulator7.1.sdk/System/Library/AccessibilityBundles/CertUIFramework.axbundle> (not loaded)
2014-05-05 08:58:05.958 Acard[25132:70b] Cannot find executable for CFBundle 0xa34af80 </Applications/Xcode.app/Contents/Developer/Platforms/iPhoneSimulator.platform/Developer/SDKs/iPhoneSimulator7.1.sdk/System/Library/AccessibilityBundles/GeoServices.axbundle> (not loaded)
2014-05-05 08:58:06.031 Acard[25132:70b] Multi-tasking -> Device: YES, App: YES
2014-05-05 08:58:06.058 Acard[25132:70b] Unlimited access to network resources
2014-05-05 08:58:06.608 Acard[25132:70b] Resetting plugins due to page load.
2014-05-05 08:58:06.834 Acard[25132:70b] Finished load of: file:///Users/SamirInVancity/Library/Application%20Support/iPhone%20Simulator/7.1/Applications/E76739DC-2BFA-41AF-BA50-E1DBC81EFF64/Acard.app/www/index.html
2014-05-05 08:59:12.142 Acard[25132:70b] Resetting plugins due to page load.
2014-05-05 08:59:12.176 Acard[25132:70b] Finished load of: file:///Users/SamirInVancity/Library/Application%20Support/iPhone%20Simulator/7.1/Applications/E76739DC-2BFA-41AF-BA50-E1DBC81EFF64/Acard.app/www/index.html?EMail=Ddd&FName=Ddd&LName=Dodd&Grad_Year=Dd&Faculty_ID=2
objc[25375]: Class AXEmojiUtilities is implemented in both /Applications/Xcode.app/Contents/Developer/Platforms/iPhoneSimulator.platform/Developer/SDKs/iPhoneSimulator7.1.sdk/System/Library/PrivateFrameworks/AccessibilityUtilities.framework/AccessibilityUtilities and /Applications/Xcode.app/Contents/Developer/Platforms/iPhoneSimulator.platform/Developer/SDKs/iPhoneSimulator7.1.sdk/usr/lib/libAXSpeechManager.dylib. One of the two will be used. Which one is undefined.
2014-05-05 09:01:20.462 Acard[25375:70b] Cannot find executable for CFBundle 0xa41f5e0 </Applications/Xcode.app/Contents/Developer/Platforms/iPhoneSimulator.platform/Developer/SDKs/iPhoneSimulator7.1.sdk/System/Library/AccessibilityBundles/GeoServices.axbundle> (not loaded)
2014-05-05 09:01:20.472 Acard[25375:70b] Cannot find executable for CFBundle 0xa43ed50 </Applications/Xcode.app/Contents/Developer/Platforms/iPhoneSimulator.platform/Developer/SDKs/iPhoneSimulator7.1.sdk/System/Library/AccessibilityBundles/CertUIFramework.axbundle> (not loaded)
2014-05-05 09:01:20.522 Acard[25375:70b] Multi-tasking -> Device: YES, App: YES
2014-05-05 09:01:20.532 Acard[25375:70b] Unlimited access to network resources
2014-05-05 09:01:20.748 Acard[25375:70b] Resetting plugins due to page load.
2014-05-05 09:01:21.034 Acard[25375:70b] Finished load of: file:///Users/SamirInVancity/Library/Application%20Support/iPhone%20Simulator/7.1/Applications/E76739DC-2BFA-41AF-BA50-E1DBC81EFF64/Acard.app/www/index.html
2014-05-05 09:02:29.261 Acard[25375:3f07] void SendDelegateMessage(NSInvocation *): delegate (webView:runJavaScriptAlertPanelWithMessage:initiatedByFrame:) failed to return after waiting 10 seconds. main run loop mode: kCFRunLoopDefaultMode
objc[25620]: Class AXEmojiUtilities is implemented in both /Applications/Xcode.app/Contents/Developer/Platforms/iPhoneSimulator.platform/Developer/SDKs/iPhoneSimulator7.1.sdk/System/Library/PrivateFrameworks/AccessibilityUtilities.framework/AccessibilityUtilities and /Applications/Xcode.app/Contents/Developer/Platforms/iPhoneSimulator.platform/Developer/SDKs/iPhoneSimulator7.1.sdk/usr/lib/libAXSpeechManager.dylib. One of the two will be used. Which one is undefined.
2014-05-05 09:13:15.630 Acard[25620:70b] Cannot find executable for CFBundle 0xa339a00 </Applications/Xcode.app/Contents/Developer/Platforms/iPhoneSimulator.platform/Developer/SDKs/iPhoneSimulator7.1.sdk/System/Library/AccessibilityBundles/CertUIFramework.axbundle> (not loaded)
2014-05-05 09:13:15.644 Acard[25620:70b] Cannot find executable for CFBundle 0xa33dea0 </Applications/Xcode.app/Contents/Developer/Platforms/iPhoneSimulator.platform/Developer/SDKs/iPhoneSimulator7.1.sdk/System/Library/AccessibilityBundles/GeoServices.axbundle> (not loaded)
2014-05-05 09:13:15.698 Acard[25620:70b] Multi-tasking -> Device: YES, App: YES
2014-05-05 09:13:15.743 Acard[25620:70b] Unlimited access to network resources
2014-05-05 09:13:16.103 Acard[25620:70b] Resetting plugins due to page load.
2014-05-05 09:13:16.319 Acard[25620:70b] Finished load of: file:///Users/SamirInVancity/Library/Application%20Support/iPhone%20Simulator/7.1/Applications/E76739DC-2BFA-41AF-BA50-E1DBC81EFF64/Acard.app/www/index.html
objc[26755]: Class AXEmojiUtilities is implemented in both /Applications/Xcode.app/Contents/Developer/Platforms/iPhoneSimulator.platform/Developer/SDKs/iPhoneSimulator7.1.sdk/System/Library/PrivateFrameworks/AccessibilityUtilities.framework/AccessibilityUtilities and /Applications/Xcode.app/Contents/Developer/Platforms/iPhoneSimulator.platform/Developer/SDKs/iPhoneSimulator7.1.sdk/usr/lib/libAXSpeechManager.dylib. One of the two will be used. Which one is undefined.
2014-05-05 10:29:09.704 Acard[26755:70b] Cannot find executable for CFBundle 0xa25f910 </Applications/Xcode.app/Contents/Developer/Platforms/iPhoneSimulator.platform/Developer/SDKs/iPhoneSimulator7.1.sdk/System/Library/AccessibilityBundles/CertUIFramework.axbundle> (not loaded)
2014-05-05 10:29:09.719 Acard[26755:70b] Cannot find executable for CFBundle 0xa59c680 </Applications/Xcode.app/Contents/Developer/Platforms/iPhoneSimulator.platform/Developer/SDKs/iPhoneSimulator7.1.sdk/System/Library/AccessibilityBundles/GeoServices.axbundle> (not loaded)
2014-05-05 10:29:09.771 Acard[26755:70b] Multi-tasking -> Device: YES, App: YES
2014-05-05 10:29:09.782 Acard[26755:70b] Unlimited access to network resources
2014-05-05 10:29:09.998 Acard[26755:70b] Resetting plugins due to page load.
2014-05-05 10:29:10.244 Acard[26755:70b] Finished load of: file:///Users/SamirInVancity/Library/Application%20Support/iPhone%20Simulator/7.1/Applications/E76739DC-2BFA-41AF-BA50-E1DBC81EFF64/Acard.app/www/index.html
objc[27447]: Class AXEmojiUtilities is implemented in both /Applications/Xcode.app/Contents/Developer/Platforms/iPhoneSimulator.platform/Developer/SDKs/iPhoneSimulator7.1.sdk/System/Library/PrivateFrameworks/AccessibilityUtilities.framework/AccessibilityUtilities and /Applications/Xcode.app/Contents/Developer/Platforms/iPhoneSimulator.platform/Developer/SDKs/iPhoneSimulator7.1.sdk/usr/lib/libAXSpeechManager.dylib. One of the two will be used. Which one is undefined.
2014-05-05 10:49:52.952 Acard[27447:70b] Cannot find executable for CFBundle 0xa357740 </Applications/Xcode.app/Contents/Developer/Platforms/iPhoneSimulator.platform/Developer/SDKs/iPhoneSimulator7.1.sdk/System/Library/AccessibilityBundles/GeoServices.axbundle> (not loaded)
2014-05-05 10:49:52.963 Acard[27447:70b] Cannot find executable for CFBundle 0xa29ba20 </Applications/Xcode.app/Contents/Developer/Platforms/iPhoneSimulator.platform/Developer/SDKs/iPhoneSimulator7.1.sdk/System/Library/AccessibilityBundles/CertUIFramework.axbundle> (not loaded)
2014-05-05 10:49:53.015 Acard[27447:70b] Multi-tasking -> Device: YES, App: YES
2014-05-05 10:49:53.094 Acard[27447:70b] Unlimited access to network resources
2014-05-05 10:49:53.460 Acard[27447:70b] Resetting plugins due to page load.
2014-05-05 10:49:53.691 Acard[27447:70b] Finished load of: file:///Users/SamirInVancity/Library/Application%20Support/iPhone%20Simulator/7.1/Applications/E76739DC-2BFA-41AF-BA50-E1DBC81EFF64/Acard.app/www/index.html
Terminating in response to SpringBoard's termination.
objc[27861]: Class AXEmojiUtilities is implemented in both /Applications/Xcode.app/Contents/Developer/Platforms/iPhoneSimulator.platform/Developer/SDKs/iPhoneSimulator7.1.sdk/System/Library/PrivateFrameworks/AccessibilityUtilities.framework/AccessibilityUtilities and /Applications/Xcode.app/Contents/Developer/Platforms/iPhoneSimulator.platform/Developer/SDKs/iPhoneSimulator7.1.sdk/usr/lib/libAXSpeechManager.dylib. One of the two will be used. Which one is undefined.
2014-05-05 11:05:07.915 Acard[27861:70b] Cannot find executable for CFBundle 0xa53c8c0 </Applications/Xcode.app/Contents/Developer/Platforms/iPhoneSimulator.platform/Developer/SDKs/iPhoneSimulator7.1.sdk/System/Library/AccessibilityBundles/CertUIFramework.axbundle> (not loaded)
2014-05-05 11:05:07.935 Acard[27861:70b] Cannot find executable for CFBundle 0xa440d20 </Applications/Xcode.app/Contents/Developer/Platforms/iPhoneSimulator.platform/Developer/SDKs/iPhoneSimulator7.1.sdk/System/Library/AccessibilityBundles/GeoServices.axbundle> (not loaded)
2014-05-05 11:05:08.111 Acard[27861:70b] Multi-tasking -> Device: YES, App: YES
2014-05-05 11:05:08.154 Acard[27861:70b] Unlimited access to network resources
2014-05-05 11:05:08.534 Acard[27861:70b] Resetting plugins due to page load.
2014-05-05 11:05:08.808 Acard[27861:70b] Finished load of: file:///Users/SamirInVancity/Library/Application%20Support/iPhone%20Simulator/7.1/Applications/E76739DC-2BFA-41AF-BA50-E1DBC81EFF64/Acard.app/www/index.html
objc[27995]: Class AXEmojiUtilities is implemented in both /Applications/Xcode.app/Contents/Developer/Platforms/iPhoneSimulator.platform/Developer/SDKs/iPhoneSimulator7.1.sdk/System/Library/PrivateFrameworks/AccessibilityUtilities.framework/AccessibilityUtilities and /Applications/Xcode.app/Contents/Developer/Platforms/iPhoneSimulator.platform/Developer/SDKs/iPhoneSimulator7.1.sdk/usr/lib/libAXSpeechManager.dylib. One of the two will be used. Which one is undefined.
2014-05-05 11:09:05.884 Acard[27995:70b] Cannot find executable for CFBundle 0xa343a40 </Applications/Xcode.app/Contents/Developer/Platforms/iPhoneSimulator.platform/Developer/SDKs/iPhoneSimulator7.1.sdk/System/Library/AccessibilityBundles/GeoServices.axbundle> (not loaded)
2014-05-05 11:09:05.906 Acard[27995:70b] Cannot find executable for CFBundle 0xa5584e0 </Applications/Xcode.app/Contents/Developer/Platforms/iPhoneSimulator.platform/Developer/SDKs/iPhoneSimulator7.1.sdk/System/Library/AccessibilityBundles/CertUIFramework.axbundle> (not loaded)
2014-05-05 11:09:06.084 Acard[27995:70b] Multi-tasking -> Device: YES, App: YES
2014-05-05 11:09:06.100 Acard[27995:70b] Unlimited access to network resources
2014-05-05 11:09:06.323 Acard[27995:70b] Resetting plugins due to page load.
2014-05-05 11:09:06.497 Acard[27995:70b] Finished load of: file:///Users/SamirInVancity/Library/Application%20Support/iPhone%20Simulator/7.1/Applications/E76739DC-2BFA-41AF-BA50-E1DBC81EFF64/Acard.app/www/index.html
Terminating in response to SpringBoard's termination.
objc[28344]: Class AXEmojiUtilities is implemented in both /Applications/Xcode.app/Contents/Developer/Platforms/iPhoneSimulator.platform/Developer/SDKs/iPhoneSimulator7.1.sdk/System/Library/PrivateFrameworks/AccessibilityUtilities.framework/AccessibilityUtilities and /Applications/Xcode.app/Contents/Developer/Platforms/iPhoneSimulator.platform/Developer/SDKs/iPhoneSimulator7.1.sdk/usr/lib/libAXSpeechManager.dylib. One of the two will be used. Which one is undefined.
2014-05-05 12:01:25.321 Acard[28344:70b] Cannot find executable for CFBundle 0xa490020 </Applications/Xcode.app/Contents/Developer/Platforms/iPhoneSimulator.platform/Developer/SDKs/iPhoneSimulator7.1.sdk/System/Library/AccessibilityBundles/CertUIFramework.axbundle> (not loaded)
2014-05-05 12:01:25.340 Acard[28344:70b] Cannot find executable for CFBundle 0xa28dbd0 </Applications/Xcode.app/Contents/Developer/Platforms/iPhoneSimulator.platform/Developer/SDKs/iPhoneSimulator7.1.sdk/System/Library/AccessibilityBundles/GeoServices.axbundle> (not loaded)
2014-05-05 12:01:25.476 Acard[28344:70b] Multi-tasking -> Device: YES, App: YES
2014-05-05 12:01:25.519 Acard[28344:70b] Unlimited access to network resources
2014-05-05 12:01:25.848 Acard[28344:70b] Resetting plugins due to page load.
2014-05-05 12:01:25.988 Acard[28344:70b] Finished load of: file:///Users/SamirInVancity/Library/Application%20Support/iPhone%20Simulator/7.1/Applications/E76739DC-2BFA-41AF-BA50-E1DBC81EFF64/Acard.app/www/index.html
objc[28438]: Class AXEmojiUtilities is implemented in both /Applications/Xcode.app/Contents/Developer/Platforms/iPhoneSimulator.platform/Developer/SDKs/iPhoneSimulator7.1.sdk/System/Library/PrivateFrameworks/AccessibilityUtilities.framework/AccessibilityUtilities and /Applications/Xcode.app/Contents/Developer/Platforms/iPhoneSimulator.platform/Developer/SDKs/iPhoneSimulator7.1.sdk/usr/lib/libAXSpeechManager.dylib. One of the two will be used. Which one is undefined.
2014-05-05 12:03:15.347 Acard[28438:70b] Cannot find executable for CFBundle 0xa43ad90 </Applications/Xcode.app/Contents/Developer/Platforms/iPhoneSimulator.platform/Developer/SDKs/iPhoneSimulator7.1.sdk/System/Library/AccessibilityBundles/GeoServices.axbundle> (not loaded)
2014-05-05 12:03:15.354 Acard[28438:70b] Cannot find executable for CFBundle 0xa34a310 </Applications/Xcode.app/Contents/Developer/Platforms/iPhoneSimulator.platform/Developer/SDKs/iPhoneSimulator7.1.sdk/System/Library/AccessibilityBundles/CertUIFramework.axbundle> (not loaded)
2014-05-05 12:03:15.384 Acard[28438:70b] Multi-tasking -> Device: YES, App: YES
2014-05-05 12:03:15.390 Acard[28438:70b] Unlimited access to network resources
2014-05-05 12:03:15.457 Acard[28438:70b] Resetting plugins due to page load.
2014-05-05 12:03:15.533 Acard[28438:70b] Finished load of: file:///Users/SamirInVancity/Library/Application%20Support/iPhone%20Simulator/7.1/Applications/E76739DC-2BFA-41AF-BA50-E1DBC81EFF64/Acard.app/www/index.html
objc[28592]: Class AXEmojiUtilities is implemented in both /Applications/Xcode.app/Contents/Developer/Platforms/iPhoneSimulator.platform/Developer/SDKs/iPhoneSimulator7.1.sdk/System/Library/PrivateFrameworks/AccessibilityUtilities.framework/AccessibilityUtilities and /Applications/Xcode.app/Contents/Developer/Platforms/iPhoneSimulator.platform/Developer/SDKs/iPhoneSimulator7.1.sdk/usr/lib/libAXSpeechManager.dylib. One of the two will be used. Which one is undefined.
2014-05-05 12:04:30.859 Acard[28592:70b] Cannot find executable for CFBundle 0xa4cf020 </Applications/Xcode.app/Contents/Developer/Platforms/iPhoneSimulator.platform/Developer/SDKs/iPhoneSimulator7.1.sdk/System/Library/AccessibilityBundles/CertUIFramework.axbundle> (not loaded)
2014-05-05 12:04:30.868 Acard[28592:70b] Cannot find executable for CFBundle 0xa3806e0 </Applications/Xcode.app/Contents/Developer/Platforms/iPhoneSimulator.platform/Developer/SDKs/iPhoneSimulator7.1.sdk/System/Library/AccessibilityBundles/GeoServices.axbundle> (not loaded)
2014-05-05 12:04:30.917 Acard[28592:70b] Multi-tasking -> Device: YES, App: YES
2014-05-05 12:04:30.928 Acard[28592:70b] Unlimited access to network resources
2014-05-05 12:04:31.221 Acard[28592:70b] Resetting plugins due to page load.
2014-05-05 12:04:31.371 Acard[28592:70b] Finished load of: file:///Users/SamirInVancity/Library/Application%20Support/iPhone%20Simulator/7.1/Applications/E76739DC-2BFA-41AF-BA50-E1DBC81EFF64/Acard.app/www/index.html
objc[28977]: Class AXEmojiUtilities is implemented in both /Applications/Xcode.app/Contents/Developer/Platforms/iPhoneSimulator.platform/Developer/SDKs/iPhoneSimulator7.1.sdk/System/Library/PrivateFrameworks/AccessibilityUtilities.framework/AccessibilityUtilities and /Applications/Xcode.app/Contents/Developer/Platforms/iPhoneSimulator.platform/Developer/SDKs/iPhoneSimulator7.1.sdk/usr/lib/libAXSpeechManager.dylib. One of the two will be used. Which one is undefined.
2014-05-05 12:08:56.835 Acard[28977:70b] Cannot find executable for CFBundle 0xa5666c0 </Applications/Xcode.app/Contents/Developer/Platforms/iPhoneSimulator.platform/Developer/SDKs/iPhoneSimulator7.1.sdk/System/Library/AccessibilityBundles/GeoServices.axbundle> (not loaded)
2014-05-05 12:08:56.850 Acard[28977:70b] Cannot find executable for CFBundle 0xa415d20 </Applications/Xcode.app/Contents/Developer/Platforms/iPhoneSimulator.platform/Developer/SDKs/iPhoneSimulator7.1.sdk/System/Library/AccessibilityBundles/CertUIFramework.axbundle> (not loaded)
2014-05-05 12:08:56.945 Acard[28977:70b] Multi-tasking -> Device: YES, App: YES
2014-05-05 12:08:57.045 Acard[28977:70b] Unlimited access to network resources
2014-05-05 12:08:57.523 Acard[28977:70b] Resetting plugins due to page load.
2014-05-05 12:08:57.779 Acard[28977:70b] Finished load of: file:///Users/SamirInVancity/Library/Application%20Support/iPhone%20Simulator/7.1/Applications/E76739DC-2BFA-41AF-BA50-E1DBC81EFF64/Acard.app/www/index.html
